<?xml version="1.0" encoding="UTF-8"?>
<!-- Generated by org.testng.reporters.JUnitReportReporter -->
<testsuite hostname="LAPTOP-II19GFEG" failures="0" tests="4" name="com.simplilearn.ApplicationTests" time="68.208" errors="0" timestamp="11 Jun 2022 08:14:18 GMT" skipped="0">
  <testcase classname="com.simplilearn.ApplicationTests" name="addStudent" time="18.782"/>
  <testcase classname="com.simplilearn.ApplicationTests" name="readStudent" time="11.342"/>
  <testcase classname="com.simplilearn.ApplicationTests" name="updateStudent" time="22.390"/>
  <testcase classname="com.simplilearn.ApplicationTests" name="removeStudent" time="15.694"/>
</testsuite> <!-- com.simplilearn.ApplicationTests -->
